Started GET "/" for ::1 at 2021-05-10 11:54:49 -0400
Processing by Rails::WelcomeController#index as HTML
  Rendering /Users/akerpelm/.rbenv/versions/2.5.8/lib/ruby/gems/2.5.0/gems/railties-5.2.5/lib/rails/templates/rails/welcome/index.html.erb
  Rendered /Users/akerpelm/.rbenv/versions/2.5.8/lib/ruby/gems/2.5.0/gems/railties-5.2.5/lib/rails/templates/rails/welcome/index.html.erb (1.9ms)
Completed 200 OK in 12ms (Views: 5.5ms | ActiveRecord: 0.0ms)


  [1m[35m (162.4ms)[0m  [1m[35mCREATE DATABASE "infinote_development" ENCODING = 'utf8'[0m
  ↳ bin/rails:9
  [1m[35m (56.1ms)[0m  [1m[35mCREATE DATABASE "infinote_test" ENCODING = 'utf8'[0m
  ↳ bin/rails:9
  [1m[35m (15.0ms)[0m  [1m[35mDROP DATABASE IF EXISTS "infinote_development"[0m
  ↳ bin/rails:9
  [1m[35m (13.9ms)[0m  [1m[35mDROP DATABASE IF EXISTS "infinote_test"[0m
  ↳ bin/rails:9
  [1m[35m (176.3ms)[0m  [1m[35mCREATE DATABASE "infinote_development" ENCODING = 'utf8'[0m
  ↳ bin/rails:9
  [1m[35m (37.1ms)[0m  [1m[35mCREATE DATABASE "infinote_test" ENCODING = 'utf8'[0m
  ↳ bin/rails:9
Started GET "/" for ::1 at 2021-05-10 12:00:09 -0400
Processing by Rails::WelcomeController#index as HTML
  Rendering /Users/akerpelm/.rbenv/versions/2.5.8/lib/ruby/gems/2.5.0/gems/railties-5.2.6/lib/rails/templates/rails/welcome/index.html.erb
  Rendered /Users/akerpelm/.rbenv/versions/2.5.8/lib/ruby/gems/2.5.0/gems/railties-5.2.6/lib/rails/templates/rails/welcome/index.html.erb (1.9ms)
Completed 200 OK in 11ms (Views: 5.4ms | ActiveRecord: 0.0ms)


Started GET "/" for ::1 at 2021-05-10 12:00:13 -0400
  
ActiveRecord::StatementInvalid (PG::UnableToSend: no connection to the server
: SET client_min_messages TO 'warning'):
  
activerecord (5.2.6) lib/active_record/connection_adapters/postgresql/database_statements.rb:75:in `exec'
activerecord (5.2.6) lib/active_record/connection_adapters/postgresql/database_statements.rb:75:in `block (2 levels) in execute'
activesupport (5.2.6) lib/active_support/dependencies/interlock.rb:48:in `block in permit_concurrent_loads'
activesupport (5.2.6) lib/active_support/concurrency/share_lock.rb:187:in `yield_shares'
activesupport (5.2.6) lib/active_support/dependencies/interlock.rb:47:in `permit_concurrent_loads'
activerecord (5.2.6) lib/active_record/connection_adapters/postgresql/database_statements.rb:74:in `block in execute'
activerecord (5.2.6) lib/active_record/connection_adapters/abstract_adapter.rb:581:in `block (2 levels) in log'
/Users/akerpelm/.rbenv/versions/2.5.8/lib/ruby/2.5.0/monitor.rb:235:in `mon_synchronize'
activerecord (5.2.6) lib/active_record/connection_adapters/abstract_adapter.rb:580:in `block in log'
activesupport (5.2.6) lib/active_support/notifications/instrumenter.rb:23:in `instrument'
activerecord (5.2.6) lib/active_record/connection_adapters/abstract_adapter.rb:571:in `log'
activerecord (5.2.6) lib/active_record/connection_adapters/postgresql/database_statements.rb:73:in `execute'
activerecord (5.2.6) lib/active_record/connection_adapters/postgresql/schema_statements.rb:242:in `client_min_messages='
activerecord (5.2.6) lib/active_record/connection_adapters/postgresql_adapter.rb:708:in `configure_connection'
activerecord (5.2.6) lib/active_record/connection_adapters/postgresql_adapter.rb:266:in `block in reconnect!'
/Users/akerpelm/.rbenv/versions/2.5.8/lib/ruby/2.5.0/monitor.rb:235:in `mon_synchronize'
activerecord (5.2.6) lib/active_record/connection_adapters/postgresql_adapter.rb:263:in `reconnect!'
activerecord (5.2.6) lib/active_record/connection_adapters/abstract_adapter.rb:437:in `verify!'
activerecord (5.2.6) lib/active_record/connection_adapters/abstract/connection_pool.rb:879:in `block in checkout_and_verify'
activesupport (5.2.6) lib/active_support/callbacks.rb:132:in `run_callbacks'
activesupport (5.2.6) lib/active_support/callbacks.rb:816:in `_run_checkout_callbacks'
activerecord (5.2.6) lib/active_record/connection_adapters/abstract/connection_pool.rb:878:in `checkout_and_verify'
activerecord (5.2.6) lib/active_record/connection_adapters/abstract/connection_pool.rb:538:in `checkout'
activerecord (5.2.6) lib/active_record/connection_adapters/abstract/connection_pool.rb:382:in `connection'
activerecord (5.2.6) lib/active_record/connection_adapters/abstract/connection_pool.rb:1033:in `retrieve_connection'
activerecord (5.2.6) lib/active_record/connection_handling.rb:118:in `retrieve_connection'
activerecord (5.2.6) lib/active_record/connection_handling.rb:90:in `connection'
activerecord (5.2.6) lib/active_record/migration.rb:554:in `call'
actionpack (5.2.6) lib/action_dispatch/middleware/callbacks.rb:28:in `block in call'
activesupport (5.2.6) lib/active_support/callbacks.rb:98:in `run_callbacks'
actionpack (5.2.6) lib/action_dispatch/middleware/callbacks.rb:26:in `call'
actionpack (5.2.6) lib/action_dispatch/middleware/executor.rb:14:in `call'
actionpack (5.2.6) lib/action_dispatch/middleware/debug_exceptions.rb:61:in `call'
web-console (3.7.0) lib/web_console/middleware.rb:135:in `call_app'
web-console (3.7.0) lib/web_console/middleware.rb:30:in `block in call'
web-console (3.7.0) lib/web_console/middleware.rb:20:in `catch'
web-console (3.7.0) lib/web_console/middleware.rb:20:in `call'
actionpack (5.2.6) lib/action_dispatch/middleware/show_exceptions.rb:33:in `call'
railties (5.2.6) lib/rails/rack/logger.rb:38:in `call_app'
railties (5.2.6) lib/rails/rack/logger.rb:26:in `block in call'
activesupport (5.2.6) lib/active_support/tagged_logging.rb:71:in `block in tagged'
activesupport (5.2.6) lib/active_support/tagged_logging.rb:28:in `tagged'
activesupport (5.2.6) lib/active_support/tagged_logging.rb:71:in `tagged'
railties (5.2.6) lib/rails/rack/logger.rb:26:in `call'
sprockets-rails (3.2.2) lib/sprockets/rails/quiet_assets.rb:13:in `call'
actionpack (5.2.6) lib/action_dispatch/middleware/remote_ip.rb:81:in `call'
actionpack (5.2.6) lib/action_dispatch/middleware/request_id.rb:27:in `call'
rack (2.2.3) lib/rack/method_override.rb:24:in `call'
rack (2.2.3) lib/rack/runtime.rb:22:in `call'
activesupport (5.2.6) lib/active_support/cache/strategy/local_cache_middleware.rb:29:in `call'
actionpack (5.2.6) lib/action_dispatch/middleware/executor.rb:14:in `call'
actionpack (5.2.6) lib/action_dispatch/middleware/static.rb:127:in `call'
rack (2.2.3) lib/rack/sendfile.rb:110:in `call'
railties (5.2.6) lib/rails/engine.rb:524:in `call'
puma (3.12.6) lib/puma/configuration.rb:227:in `call'
puma (3.12.6) lib/puma/server.rb:706:in `handle_request'
puma (3.12.6) lib/puma/server.rb:476:in `process_client'
puma (3.12.6) lib/puma/server.rb:334:in `block in run'
puma (3.12.6) lib/puma/thread_pool.rb:135:in `block in spawn_thread'
  [1m[35m (16.4ms)[0m  [1m[35mDROP DATABASE IF EXISTS "infinote_development"[0m
  ↳ bin/rails:9
  [1m[35m (19.9ms)[0m  [1m[35mDROP DATABASE IF EXISTS "infinote_test"[0m
  ↳ bin/rails:9
  [1m[35m (97.4ms)[0m  [1m[35mCREATE DATABASE "infinote_development" ENCODING = 'utf8'[0m
  ↳ bin/rails:9
  [1m[35m (63.4ms)[0m  [1m[35mCREATE DATABASE "infinote_test" ENCODING = 'utf8'[0m
  ↳ bin/rails:9
  [1m[35m (17.9ms)[0m  [1m[35mCREATE TABLE "schema_migrations" ("version" character varying NOT NULL PRIMARY KEY)[0m
  ↳ bin/rails:9
  [1m[35m (2.4ms)[0m  [1m[35mCREATE TABLE "ar_internal_metadata" ("key" character varying NOT NULL PRIMARY KEY, "value" character varying, "created_at" timestamp NOT NULL, "updated_at" timestamp NOT NULL)[0m
  ↳ bin/rails:9
  [1m[35m (0.4ms)[0m  [1m[34mSELECT pg_try_advisory_lock(7395786580533371370)[0m
  ↳ bin/rails:9
  [1m[35m (0.5ms)[0m  [1m[34mSELECT "schema_migrations"."version" FROM "schema_migrations" ORDER BY "schema_migrations"."version" ASC[0m
  ↳ bin/rails:9
Migrating to CreateUsers (20210510160259)
  [1m[35m (0.2ms)[0m  [1m[34mSELECT pg_advisory_unlock(7395786580533371370)[0m
  ↳ bin/rails:9
  [1m[35m (0.2ms)[0m  [1m[34mSELECT pg_try_advisory_lock(7395786580533371370)[0m
  ↳ bin/rails:9
  [1m[35m (1.7ms)[0m  [1m[34mSELECT "schema_migrations"."version" FROM "schema_migrations" ORDER BY "schema_migrations"."version" ASC[0m
  ↳ bin/rails:9
Migrating to CreateUsers (20210510160259)
  [1m[35m (0.1ms)[0m  [1m[35mBEGIN[0m
  ↳ bin/rails:9
  [1m[35m (14.5ms)[0m  [1m[35mCREATE TABLE "users" ("id" bigserial primary key, "email" character varying NOT NULL, "username" character varying, "password_digest" character varying NOT NULL, "sesion_token" character varying NOT NULL, "created_at" timestamp NOT NULL, "updated_at" timestamp NOT NULL)[0m
  ↳ db/migrate/20210510160259_create_users.rb:3
  [1m[35m (1.4ms)[0m  [1m[35mCREATE UNIQUE INDEX  "index_users_on_email" ON "users"  ("email")[0m
  ↳ db/migrate/20210510160259_create_users.rb:11
  [1m[35m (2.2ms)[0m  [1m[35mCREATE  INDEX  "index_users_on_session_token" ON "users"  ("session_token")[0m
  ↳ db/migrate/20210510160259_create_users.rb:12
  [1m[35m (0.1ms)[0m  [1m[31mROLLBACK[0m
  ↳ bin/rails:9
  [1m[35m (0.1ms)[0m  [1m[34mSELECT pg_advisory_unlock(7395786580533371370)[0m
  ↳ bin/rails:9
  [1m[35m (0.3ms)[0m  [1m[34mSELECT pg_try_advisory_lock(7395786580533371370)[0m
  ↳ bin/rails:9
  [1m[35m (1.6ms)[0m  [1m[34mSELECT "schema_migrations"."version" FROM "schema_migrations" ORDER BY "schema_migrations"."version" ASC[0m
  ↳ bin/rails:9
Migrating to CreateUsers (20210510160259)
  [1m[35m (0.1ms)[0m  [1m[35mBEGIN[0m
  ↳ bin/rails:9
  [1m[35m (11.1ms)[0m  [1m[35mCREATE TABLE "users" ("id" bigserial primary key, "email" character varying NOT NULL, "username" character varying, "password_digest" character varying NOT NULL, "session_token" character varying NOT NULL, "created_at" timestamp NOT NULL, "updated_at" timestamp NOT NULL)[0m
  ↳ db/migrate/20210510160259_create_users.rb:3
  [1m[35m (1.4ms)[0m  [1m[35mCREATE UNIQUE INDEX  "index_users_on_email" ON "users"  ("email")[0m
  ↳ db/migrate/20210510160259_create_users.rb:11
  [1m[35m (0.9ms)[0m  [1m[35mCREATE  INDEX  "index_users_on_session_token" ON "users"  ("session_token")[0m
  ↳ db/migrate/20210510160259_create_users.rb:12
  [1m[36mActiveRecord::SchemaMigration Create (1.1ms)[0m  [1m[32mINSERT INTO "schema_migrations" ("version") VALUES ($1) RETURNING "version"[0m  [["version", "20210510160259"]]
  ↳ bin/rails:9
  [1m[35m (0.5ms)[0m  [1m[35mCOMMIT[0m
  ↳ bin/rails:9
  [1m[36mActiveRecord::InternalMetadata Load (0.5ms)[0m  [1m[34mSELECT  "ar_internal_metadata".* FROM "ar_internal_metadata" WHERE "ar_internal_metadata"."key" = $1 LIMIT $2[0m  [["key", "environment"], ["LIMIT", 1]]
  ↳ bin/rails:9
  [1m[35m (0.2ms)[0m  [1m[35mBEGIN[0m
  ↳ bin/rails:9
  [1m[36mActiveRecord::InternalMetadata Create (1.5ms)[0m  [1m[32mINSERT INTO "ar_internal_metadata" ("key", "value", "created_at", "updated_at") VALUES ($1, $2, $3, $4) RETURNING "key"[0m  [["key", "environment"], ["value", "development"], ["created_at", "2021-05-10 16:06:37.105289"], ["updated_at", "2021-05-10 16:06:37.105289"]]
  ↳ bin/rails:9
  [1m[35m (0.1ms)[0m  [1m[35mCOMMIT[0m
  ↳ bin/rails:9
  [1m[35m (0.2ms)[0m  [1m[34mSELECT pg_advisory_unlock(7395786580533371370)[0m
  ↳ bin/rails:9
  [1m[35m (0.2ms)[0m  [1m[34mSELECT "schema_migrations"."version" FROM "schema_migrations" ORDER BY "schema_migrations"."version" ASC[0m
  ↳ bin/rails:9
